<?xml version="1.0" encoding="UTF-8"?>
<testng-results skipped="0" failed="2" ignored="0" total="7" passed="5">
  <reporter-output>
  </reporter-output>
  <suite name="Default suite" duration-ms="172246" started-at="2019-10-14T12:41:28 BDT" finished-at="2019-10-14T12:44:20 BDT">
    <groups>
    </groups>
    <test name="Default test" duration-ms="172246" started-at="2019-10-14T12:41:28 BDT" finished-at="2019-10-14T12:44:20 BDT">
      <class name="trello_app_test.Execute">
        <test-method status="PASS" signature="setup()[pri:0, instance:trello_app_test.Execute@56235b8e]" name="setup" is-config="true" duration-ms="10808" started-at="2019-10-14T12:41:28 BDT" finished-at="2019-10-14T12:41:39 BDT">
          <reporter-output>
          </reporter-output>
        </test-method> <!-- setup -->
        <test-method status="PASS" signature="test_swipe_functionality()[pri:0, instance:trello_app_test.Execute@56235b8e]" name="test_swipe_functionality" duration-ms="4014" started-at="2019-10-14T12:41:39 BDT" finished-at="2019-10-14T12:41:43 BDT">
          <reporter-output>
          </reporter-output>
        </test-method> <!-- test_swipe_functionality -->
        <test-method status="PASS" signature="login_button_action_test()[pri:1, instance:trello_app_test.Execute@56235b8e]" name="login_button_action_test" duration-ms="3331" started-at="2019-10-14T12:41:43 BDT" finished-at="2019-10-14T12:41:46 BDT">
          <reporter-output>
          </reporter-output>
        </test-method> <!-- login_button_action_test -->
        <test-method status="PASS" signature="signup_button_action_test()[pri:2, instance:trello_app_test.Execute@56235b8e]" name="signup_button_action_test" duration-ms="2874" started-at="2019-10-14T12:41:46 BDT" finished-at="2019-10-14T12:41:49 BDT">
          <reporter-output>
          </reporter-output>
        </test-method> <!-- signup_button_action_test -->
        <test-method status="PASS" signature="create_button_should_enable_after_credentials()[pri:3, instance:trello_app_test.Execute@56235b8e]" name="create_button_should_enable_after_credentials" duration-ms="18139" started-at="2019-10-14T12:41:49 BDT" finished-at="2019-10-14T12:42:07 BDT">
          <reporter-output>
          </reporter-output>
        </test-method> <!-- create_button_should_enable_after_credentials -->
        <test-method status="PASS" signature="test_sign_up_functionality()[pri:4, instance:trello_app_test.Execute@56235b8e]" name="test_sign_up_functionality" duration-ms="119422" started-at="2019-10-14T12:42:07 BDT" finished-at="2019-10-14T12:44:07 BDT">
          <reporter-output>
          </reporter-output>
        </test-method> <!-- test_sign_up_functionality -->
        <test-method status="FAIL" signature="test_login_functionality()[pri:5, instance:trello_app_test.Execute@56235b8e]" name="test_login_functionality" duration-ms="13452" started-at="2019-10-14T12:44:07 BDT" finished-at="2019-10-14T12:44:20 BDT">
          <exception class="org.openqa.selenium.NoSuchElementException">
            <message>
              <![CDATA[An element could not be located on the page using the given search parameters.
For documentation on this error, please visit: https://www.seleniumhq.org/exceptions/no_such_element.html
Build info: version: '3.141.59', revision: 'e82be7d358', time: '2018-11-14T08:25:53'
System info: host: 'SAFIULISLAM-516', ip: '192.168.137.1', os.name: 'Windows 10', os.arch: 'amd64', os.version: '10.0', java.version: '1.8.0_201'
Driver info: io.appium.java_client.android.AndroidDriver
Capabilities {appActivity: com.trello.home.HomeActivity, appPackage: com.trello, automationName: Appium, databaseEnabled: false, desired: {appActivity: com.trello.home.HomeActivity, appPackage: com.trello, automationName: Appium, deviceName: ABCDEFG, platformName: android, platformVersion: 8.1.0}, deviceManufacturer: Helio, deviceModel: Helio S60, deviceName: UCPVFIM7NVLV497D, deviceScreenSize: 1080x2246, deviceUDID: UCPVFIM7NVLV497D, javascriptEnabled: true, locationContextEnabled: false, networkConnectionEnabled: true, platform: LINUX, platformName: Android, platformVersion: 8.1.0, takesScreenshot: true, warnings: {}, webStorageEnabled: false}
Session ID: bb681d29-42bb-49dc-a6a1-ff7895e2b3da
*** Element info: {Using=xpath, value=/hierarchy/android.widget.FrameLayout/android.widget.LinearLayout/android.widget.FrameLayout/android.widget.LinearLayout/android.widget.FrameLayout/androidx.drawerlayout.widget.DrawerLayout/android.view.ViewGroup/android.view.ViewGroup/android.widget.LinearLayout/android.view.ViewGroup/android.widget.TextView
}]]>
            </message>
            <full-stacktrace>
              <![CDATA[org.openqa.selenium.NoSuchElementException: An element could not be located on the page using the given search parameters.
For documentation on this error, please visit: https://www.seleniumhq.org/exceptions/no_such_element.html
Build info: version: '3.141.59', revision: 'e82be7d358', time: '2018-11-14T08:25:53'
System info: host: 'SAFIULISLAM-516', ip: '192.168.137.1', os.name: 'Windows 10', os.arch: 'amd64', os.version: '10.0', java.version: '1.8.0_201'
Driver info: io.appium.java_client.android.AndroidDriver
Capabilities {appActivity: com.trello.home.HomeActivity, appPackage: com.trello, automationName: Appium, databaseEnabled: false, desired: {appActivity: com.trello.home.HomeActivity, appPackage: com.trello, automationName: Appium, deviceName: ABCDEFG, platformName: android, platformVersion: 8.1.0}, deviceManufacturer: Helio, deviceModel: Helio S60, deviceName: UCPVFIM7NVLV497D, deviceScreenSize: 1080x2246, deviceUDID: UCPVFIM7NVLV497D, javascriptEnabled: true, locationContextEnabled: false, networkConnectionEnabled: true, platform: LINUX, platformName: Android, platformVersion: 8.1.0, takesScreenshot: true, warnings: {}, webStorageEnabled: false}
Session ID: bb681d29-42bb-49dc-a6a1-ff7895e2b3da
*** Element info: {Using=xpath, value=/hierarchy/android.widget.FrameLayout/android.widget.LinearLayout/android.widget.FrameLayout/android.widget.LinearLayout/android.widget.FrameLayout/androidx.drawerlayout.widget.DrawerLayout/android.view.ViewGroup/android.view.ViewGroup/android.widget.LinearLayout/android.view.ViewGroup/android.widget.TextView
}
at sun.reflect.NativeConstructorAccessorImpl.newInstance0(Native Method)
at sun.reflect.NativeConstructorAccessorImpl.newInstance(Unknown Source)
at sun.reflect.DelegatingConstructorAccessorImpl.newInstance(Unknown Source)
at java.lang.reflect.Constructor.newInstance(Unknown Source)
at org.openqa.selenium.remote.http.W3CHttpResponseCodec.createException(W3CHttpResponseCodec.java:187)
at org.openqa.selenium.remote.http.W3CHttpResponseCodec.decode(W3CHttpResponseCodec.java:122)
at org.openqa.selenium.remote.http.W3CHttpResponseCodec.decode(W3CHttpResponseCodec.java:49)
at org.openqa.selenium.remote.HttpCommandExecutor.execute(HttpCommandExecutor.java:158)
at io.appium.java_client.remote.AppiumCommandExecutor.execute(AppiumCommandExecutor.java:239)
at org.openqa.selenium.remote.RemoteWebDriver.execute(RemoteWebDriver.java:552)
at io.appium.java_client.DefaultGenericMobileDriver.execute(DefaultGenericMobileDriver.java:41)
at io.appium.java_client.AppiumDriver.execute(AppiumDriver.java:1)
at io.appium.java_client.android.AndroidDriver.execute(AndroidDriver.java:1)
at org.openqa.selenium.remote.RemoteWebDriver.findElement(RemoteWebDriver.java:323)
at io.appium.java_client.DefaultGenericMobileDriver.findElement(DefaultGenericMobileDriver.java:61)
at io.appium.java_client.AppiumDriver.findElement(AppiumDriver.java:1)
at io.appium.java_client.android.AndroidDriver.findElement(AndroidDriver.java:1)
at org.openqa.selenium.remote.RemoteWebDriver.findElementByXPath(RemoteWebDriver.java:428)
at io.appium.java_client.DefaultGenericMobileDriver.findElementByXPath(DefaultGenericMobileDriver.java:151)
at io.appium.java_client.AppiumDriver.findElementByXPath(AppiumDriver.java:1)
at io.appium.java_client.android.AndroidDriver.findElementByXPath(AndroidDriver.java:1)
at trello_app_test.HomePagePOM.checkDashboard(HomePagePOM.java:55)
at trello_app_test.Execute.test_login_functionality(Execute.java:129)
at sun.reflect.NativeMethodAccessorImpl.invoke0(Native Method)
at sun.reflect.NativeMethodAccessorImpl.invoke(Unknown Source)
at sun.reflect.DelegatingMethodAccessorImpl.invoke(Unknown Source)
at java.lang.reflect.Method.invoke(Unknown Source)
at org.testng.internal.MethodInvocationHelper.invokeMethod(MethodInvocationHelper.java:133)
at org.testng.internal.TestInvoker.invokeMethod(TestInvoker.java:584)
at org.testng.internal.TestInvoker.invokeTestMethod(TestInvoker.java:172)
at org.testng.internal.MethodRunner.runInSequence(MethodRunner.java:46)
at org.testng.internal.TestInvoker$MethodInvocationAgent.invoke(TestInvoker.java:804)
at org.testng.internal.TestInvoker.invokeTestMethods(TestInvoker.java:145)
at org.testng.internal.TestMethodWorker.invokeTestMethods(TestMethodWorker.java:146)
at org.testng.internal.TestMethodWorker.run(TestMethodWorker.java:128)
at java.util.ArrayList.forEach(Unknown Source)
at org.testng.TestRunner.privateRun(TestRunner.java:770)
at org.testng.TestRunner.run(TestRunner.java:591)
at org.testng.SuiteRunner.runTest(SuiteRunner.java:402)
at org.testng.SuiteRunner.runSequentially(SuiteRunner.java:396)
at org.testng.SuiteRunner.privateRun(SuiteRunner.java:355)
at org.testng.SuiteRunner.run(SuiteRunner.java:304)
at org.testng.SuiteRunnerWorker.runSuite(SuiteRunnerWorker.java:53)
at org.testng.SuiteRunnerWorker.run(SuiteRunnerWorker.java:96)
at org.testng.TestNG.runSuitesSequentially(TestNG.java:1180)
at org.testng.TestNG.runSuitesLocally(TestNG.java:1102)
at org.testng.TestNG.runSuites(TestNG.java:1032)
at org.testng.TestNG.run(TestNG.java:1000)
at org.testng.remote.AbstractRemoteTestNG.run(AbstractRemoteTestNG.java:115)
at org.testng.remote.RemoteTestNG.initAndRun(RemoteTestNG.java:251)
at org.testng.remote.RemoteTestNG.main(RemoteTestNG.java:77)
]]>
            </full-stacktrace>
          </exception> <!-- org.openqa.selenium.NoSuchElementException -->
          <reporter-output>
          </reporter-output>
        </test-method> <!-- test_login_functionality -->
        <test-method status="FAIL" signature="test_logout_functionality()[pri:6, instance:trello_app_test.Execute@56235b8e]" name="test_logout_functionality" duration-ms="122" started-at="2019-10-14T12:44:20 BDT" finished-at="2019-10-14T12:44:20 BDT">
          <exception class="org.openqa.selenium.NoSuchElementException">
            <message>
              <![CDATA[An element could not be located on the page using the given search parameters.
For documentation on this error, please visit: https://www.seleniumhq.org/exceptions/no_such_element.html
Build info: version: '3.141.59', revision: 'e82be7d358', time: '2018-11-14T08:25:53'
System info: host: 'SAFIULISLAM-516', ip: '192.168.137.1', os.name: 'Windows 10', os.arch: 'amd64', os.version: '10.0', java.version: '1.8.0_201'
Driver info: io.appium.java_client.android.AndroidDriver
Capabilities {appActivity: com.trello.home.HomeActivity, appPackage: com.trello, automationName: Appium, databaseEnabled: false, desired: {appActivity: com.trello.home.HomeActivity, appPackage: com.trello, automationName: Appium, deviceName: ABCDEFG, platformName: android, platformVersion: 8.1.0}, deviceManufacturer: Helio, deviceModel: Helio S60, deviceName: UCPVFIM7NVLV497D, deviceScreenSize: 1080x2246, deviceUDID: UCPVFIM7NVLV497D, javascriptEnabled: true, locationContextEnabled: false, networkConnectionEnabled: true, platform: LINUX, platformName: Android, platformVersion: 8.1.0, takesScreenshot: true, warnings: {}, webStorageEnabled: false}
Session ID: bb681d29-42bb-49dc-a6a1-ff7895e2b3da
*** Element info: {Using=accessibility id, value=Open Drawer}]]>
            </message>
            <full-stacktrace>
              <![CDATA[org.openqa.selenium.NoSuchElementException: An element could not be located on the page using the given search parameters.
For documentation on this error, please visit: https://www.seleniumhq.org/exceptions/no_such_element.html
Build info: version: '3.141.59', revision: 'e82be7d358', time: '2018-11-14T08:25:53'
System info: host: 'SAFIULISLAM-516', ip: '192.168.137.1', os.name: 'Windows 10', os.arch: 'amd64', os.version: '10.0', java.version: '1.8.0_201'
Driver info: io.appium.java_client.android.AndroidDriver
Capabilities {appActivity: com.trello.home.HomeActivity, appPackage: com.trello, automationName: Appium, databaseEnabled: false, desired: {appActivity: com.trello.home.HomeActivity, appPackage: com.trello, automationName: Appium, deviceName: ABCDEFG, platformName: android, platformVersion: 8.1.0}, deviceManufacturer: Helio, deviceModel: Helio S60, deviceName: UCPVFIM7NVLV497D, deviceScreenSize: 1080x2246, deviceUDID: UCPVFIM7NVLV497D, javascriptEnabled: true, locationContextEnabled: false, networkConnectionEnabled: true, platform: LINUX, platformName: Android, platformVersion: 8.1.0, takesScreenshot: true, warnings: {}, webStorageEnabled: false}
Session ID: bb681d29-42bb-49dc-a6a1-ff7895e2b3da
*** Element info: {Using=accessibility id, value=Open Drawer}
at sun.reflect.NativeConstructorAccessorImpl.newInstance0(Native Method)
at sun.reflect.NativeConstructorAccessorImpl.newInstance(Unknown Source)
at sun.reflect.DelegatingConstructorAccessorImpl.newInstance(Unknown Source)
at java.lang.reflect.Constructor.newInstance(Unknown Source)
at org.openqa.selenium.remote.http.W3CHttpResponseCodec.createException(W3CHttpResponseCodec.java:187)
at org.openqa.selenium.remote.http.W3CHttpResponseCodec.decode(W3CHttpResponseCodec.java:122)
at org.openqa.selenium.remote.http.W3CHttpResponseCodec.decode(W3CHttpResponseCodec.java:49)
at org.openqa.selenium.remote.HttpCommandExecutor.execute(HttpCommandExecutor.java:158)
at io.appium.java_client.remote.AppiumCommandExecutor.execute(AppiumCommandExecutor.java:239)
at org.openqa.selenium.remote.RemoteWebDriver.execute(RemoteWebDriver.java:552)
at io.appium.java_client.DefaultGenericMobileDriver.execute(DefaultGenericMobileDriver.java:41)
at io.appium.java_client.AppiumDriver.execute(AppiumDriver.java:1)
at io.appium.java_client.android.AndroidDriver.execute(AndroidDriver.java:1)
at org.openqa.selenium.remote.RemoteWebDriver.findElement(RemoteWebDriver.java:323)
at io.appium.java_client.DefaultGenericMobileDriver.findElement(DefaultGenericMobileDriver.java:61)
at io.appium.java_client.AppiumDriver.findElement(AppiumDriver.java:1)
at io.appium.java_client.android.AndroidDriver.findElement(AndroidDriver.java:1)
at io.appium.java_client.FindsByAccessibilityId.findElementByAccessibilityId(FindsByAccessibilityId.java:37)
at trello_app_test.Execute.test_logout_functionality(Execute.java:135)
at sun.reflect.NativeMethodAccessorImpl.invoke0(Native Method)
at sun.reflect.NativeMethodAccessorImpl.invoke(Unknown Source)
at sun.reflect.DelegatingMethodAccessorImpl.invoke(Unknown Source)
at java.lang.reflect.Method.invoke(Unknown Source)
at org.testng.internal.MethodInvocationHelper.invokeMethod(MethodInvocationHelper.java:133)
at org.testng.internal.TestInvoker.invokeMethod(TestInvoker.java:584)
at org.testng.internal.TestInvoker.invokeTestMethod(TestInvoker.java:172)
at org.testng.internal.MethodRunner.runInSequence(MethodRunner.java:46)
at org.testng.internal.TestInvoker$MethodInvocationAgent.invoke(TestInvoker.java:804)
at org.testng.internal.TestInvoker.invokeTestMethods(TestInvoker.java:145)
at org.testng.internal.TestMethodWorker.invokeTestMethods(TestMethodWorker.java:146)
at org.testng.internal.TestMethodWorker.run(TestMethodWorker.java:128)
at java.util.ArrayList.forEach(Unknown Source)
at org.testng.TestRunner.privateRun(TestRunner.java:770)
at org.testng.TestRunner.run(TestRunner.java:591)
at org.testng.SuiteRunner.runTest(SuiteRunner.java:402)
at org.testng.SuiteRunner.runSequentially(SuiteRunner.java:396)
at org.testng.SuiteRunner.privateRun(SuiteRunner.java:355)
at org.testng.SuiteRunner.run(SuiteRunner.java:304)
at org.testng.SuiteRunnerWorker.runSuite(SuiteRunnerWorker.java:53)
at org.testng.SuiteRunnerWorker.run(SuiteRunnerWorker.java:96)
at org.testng.TestNG.runSuitesSequentially(TestNG.java:1180)
at org.testng.TestNG.runSuitesLocally(TestNG.java:1102)
at org.testng.TestNG.runSuites(TestNG.java:1032)
at org.testng.TestNG.run(TestNG.java:1000)
at org.testng.remote.AbstractRemoteTestNG.run(AbstractRemoteTestNG.java:115)
at org.testng.remote.RemoteTestNG.initAndRun(RemoteTestNG.java:251)
at org.testng.remote.RemoteTestNG.main(RemoteTestNG.java:77)
]]>
            </full-stacktrace>
          </exception> <!-- org.openqa.selenium.NoSuchElementException -->
          <reporter-output>
          </reporter-output>
        </test-method> <!-- test_logout_functionality -->
      </class> <!-- trello_app_test.Execute -->
    </test> <!-- Default test -->
  </suite> <!-- Default suite -->
</testng-results>
